This is pdfTeX, Version 3.141592653-2.6-1.40.23 (TeX Live 2021/W32TeX) (preloaded format=pdflatex 2022.1.17)  21 MAR 2022 11:15
entering extended mode
 restricted \write18 enabled.
 %&-line parsing enabled.
**01-database.tex
(./01-database.tex
LaTeX2e <2021-11-15> patch level 1
L3 programming layer <2022-01-12> (./templates/ociamthesis.cls
Document Class: templates/ociamthesis 2015/04/30 Oxford thesis class
(c:/Users/Lal/AppData/Roaming/TinyTeX/texmf-dist/tex/latex/base/report.cls
Document Class: report 2021/10/04 v1.4n Standard LaTeX document class
(c:/Users/Lal/AppData/Roaming/TinyTeX/texmf-dist/tex/latex/base/size12.clo
File: size12.clo 2021/10/04 v1.4n Standard LaTeX file (size option)
)
\c@part=\count185
\c@chapter=\count186
\c@section=\count187
\c@subsection=\count188
\c@subsubsection=\count189
\c@paragraph=\count190
\c@subparagraph=\count191
\c@figure=\count192
\c@table=\count193
\abovecaptionskip=\skip47
\belowcaptionskip=\skip48
\bibindent=\dimen138
)
\singlebaselineskip=\skip49
\frontmatterbaselineskip=\skip50
\textbaselineskip=\skip51
\abstractseparatelineskip=\skip52
\abstractseparateparskip=\skip53
(c:/Users/Lal/AppData/Roaming/TinyTeX/texmf-dist/tex/latex/varwidth/varwidth.sty
Package: varwidth 2009/03/30 ver 0.92;  Variable-width minipages
\@vwid@box=\box50
\sift@deathcycles=\count194
\@vwid@loff=\dimen139
\@vwid@roff=\dimen140
) (c:/Users/Lal/AppData/Roaming/TinyTeX/texmf-dist/tex/latex/geometry/geometry.sty
Package: geometry 2020/01/02 v5.9 Page Geometry
(c:/Users/Lal/AppData/Roaming/TinyTeX/texmf-dist/tex/latex/graphics/keyval.sty
Package: keyval 2014/10/28 v1.15 key=value parser (DPC)
\KV@toks@=\toks16
) (c:/Users/Lal/AppData/Roaming/TinyTeX/texmf-dist/tex/generic/iftex/ifvtex.sty
Package: ifvtex 2019/10/25 v1.7 ifvtex legacy package. Use iftex instead.
(c:/Users/Lal/AppData/Roaming/TinyTeX/texmf-dist/tex/generic/iftex/iftex.sty
Package: iftex 2020/03/06 v1.0d TeX engine tests
))
\Gm@cnth=\count195
\Gm@cntv=\count196
\c@Gm@tempcnt=\count197
\Gm@bindingoffset=\dimen141
\Gm@wd@mp=\dimen142
\Gm@odd@mp=\dimen143
\Gm@even@mp=\dimen144
\Gm@layoutwidth=\dimen145
\Gm@layoutheight=\dimen146
\Gm@layouthoffset=\dimen147
\Gm@layoutvoffset=\dimen148
\Gm@dimlist=\toks17
) (c:/Users/Lal/AppData/Roaming/TinyTeX/texmf-dist/tex/latex/xcolor/xcolor.sty
Package: xcolor 2021/10/31 v2.13 LaTeX color extensions (UK)
(c:/Users/Lal/AppData/Roaming/TinyTeX/texmf-dist/tex/latex/graphics-cfg/color.cfg
File: color.cfg 2016/01/02 v1.6 sample color configuration
)
Package xcolor Info: Driver file: pdftex.def on input line 227.
(c:/Users/Lal/AppData/Roaming/TinyTeX/texmf-dist/tex/latex/graphics-def/pdftex.def
File: pdftex.def 2020/10/05 v1.2a Graphics/color driver for pdftex
)
Package xcolor Info: Model `cmy' substituted by `cmy0' on input line 1352.
Package xcolor Info: Model `hsb' substituted by `rgb' on input line 1356.
Package xcolor Info: Model `RGB' extended on input line 1368.
Package xcolor Info: Model `HTML' substituted by `rgb' on input line 1370.
Package xcolor Info: Model `Hsb' substituted by `hsb' on input line 1371.
Package xcolor Info: Model `tHsb' substituted by `hsb' on input line 1372.
Package xcolor Info: Model `HSB' substituted by `hsb' on input line 1373.
Package xcolor Info: Model `Gray' substituted by `gray' on input line 1374.
Package xcolor Info: Model `wave' substituted by `hsb' on input line 1375.
) (c:/Users/Lal/AppData/Roaming/TinyTeX/texmf-dist/tex/latex/graphics/graphicx.sty
Package: graphicx 2021/09/16 v1.2d Enhanced LaTeX Graphics (DPC,SPQR)
(c:/Users/Lal/AppData/Roaming/TinyTeX/texmf-dist/tex/latex/graphics/graphics.sty
Package: graphics 2021/03/04 v1.4d Standard LaTeX Graphics (DPC,SPQR)
(c:/Users/Lal/AppData/Roaming/TinyTeX/texmf-dist/tex/latex/graphics/trig.sty
Package: trig 2021/08/11 v1.11 sin cos tan (DPC)
) (c:/Users/Lal/AppData/Roaming/TinyTeX/texmf-dist/tex/latex/graphics-cfg/graphics.cfg
File: graphics.cfg 2016/06/04 v1.11 sample graphics configuration
)
Package graphics Info: Driver file: pdftex.def on input line 107.
)
\Gin@req@height=\dimen149
\Gin@req@width=\dimen150
) (c:/Users/Lal/AppData/Roaming/TinyTeX/texmf-dist/tex/latex/microtype/microtype.sty
Package: microtype 2021/12/10 v3.0b Micro-typographical refinements (RS)
(c:/Users/Lal/AppData/Roaming/TinyTeX/texmf-dist/tex/latex/etoolbox/etoolbox.sty
Package: etoolbox 2020/10/05 v2.5k e-TeX tools for LaTeX (JAW)
\etb@tempcnta=\count198
)
\MT@toks=\toks18
\MT@count=\count199
\MT@tempbox=\box51
LaTeX Info: Redefining \leftprotrusion on input line 1010.
LaTeX Info: Redefining \rightprotrusion on input line 1018.
LaTeX Info: Redefining \textls on input line 1173.
\MT@outer@kern=\dimen151
LaTeX Info: Redefining \textmicrotypecontext on input line 1759.
\MT@listname@count=\count266
(c:/Users/Lal/AppData/Roaming/TinyTeX/texmf-dist/tex/latex/microtype/microtype-pdftex.def
File: microtype-pdftex.def 2021/12/10 v3.0b Definitions specific to pdftex (RS)
LaTeX Info: Redefining \lsstyle on input line 897.
LaTeX Info: Redefining \lslig on input line 897.
\MT@outer@space=\skip54
)
Package microtype Info: Loading configuration file microtype.cfg.
(c:/Users/Lal/AppData/Roaming/TinyTeX/texmf-dist/tex/latex/microtype/microtype.cfg
File: microtype.cfg 2021/12/10 v3.0b microtype main configuration file (RS)
)) (c:/Users/Lal/AppData/Roaming/TinyTeX/texmf-dist/tex/latex/units/nicefrac.sty
Package: nicefrac 1998/08/04 v0.9b Nice fractions
\L@UnitsRaiseDisplaystyle=\skip55
\L@UnitsRaiseTextstyle=\skip56
\L@UnitsRaiseScriptstyle=\skip57
(c:/Users/Lal/AppData/Roaming/TinyTeX/texmf-dist/tex/latex/base/ifthen.sty
Package: ifthen 2020/11/24 v1.1c Standard LaTeX ifthen package (DPC)
)) (c:/Users/Lal/AppData/Roaming/TinyTeX/texmf-dist/tex/latex/amsmath/amsmath.sty
Package: amsmath 2021/10/15 v2.17l AMS math features
\@mathmargin=\skip58
For additional information on amsmath, use the `?' option.
(c:/Users/Lal/AppData/Roaming/TinyTeX/texmf-dist/tex/latex/amsmath/amstext.sty
Package: amstext 2021/08/26 v2.01 AMS text
(c:/Users/Lal/AppData/Roaming/TinyTeX/texmf-dist/tex/latex/amsmath/amsgen.sty
File: amsgen.sty 1999/11/30 v2.0 generic functions
\@emptytoks=\toks19
\ex@=\dimen152
)) (c:/Users/Lal/AppData/Roaming/TinyTeX/texmf-dist/tex/latex/amsmath/amsbsy.sty
Package: amsbsy 1999/11/29 v1.2d Bold Symbols
\pmbraise@=\dimen153
) (c:/Users/Lal/AppData/Roaming/TinyTeX/texmf-dist/tex/latex/amsmath/amsopn.sty
Package: amsopn 2021/08/26 v2.02 operator names
)
\inf@bad=\count267
LaTeX Info: Redefining \frac on input line 234.
\uproot@=\count268
\leftroot@=\count269
LaTeX Info: Redefining \overline on input line 399.
\classnum@=\count270
\DOTSCASE@=\count271
LaTeX Info: Redefining \ldots on input line 496.
LaTeX Info: Redefining \dots on input line 499.
LaTeX Info: Redefining \cdots on input line 620.
\Mathstrutbox@=\box52
\strutbox@=\box53
\big@size=\dimen154
LaTeX Font Info:    Redeclaring font encoding OML on input line 743.
LaTeX Font Info:    Redeclaring font encoding OMS on input line 744.
\macc@depth=\count272
\c@MaxMatrixCols=\count273
\dotsspace@=\muskip16
\c@parentequation=\count274
\dspbrk@lvl=\count275
\tag@help=\toks20
\row@=\count276
\column@=\count277
\maxfields@=\count278
\andhelp@=\toks21
\eqnshift@=\dimen155
\alignsep@=\dimen156
\tagshift@=\dimen157
\tagwidth@=\dimen158
\totwidth@=\dimen159
\lineht@=\dimen160
\@envbody=\toks22
\multlinegap=\skip59
\multlinetaggap=\skip60
\mathdisplay@stack=\toks23
LaTeX Info: Redefining \[ on input line 2938.
LaTeX Info: Redefining \] on input line 2939.
) (c:/Users/Lal/AppData/Roaming/TinyTeX/texmf-dist/tex/latex/amsfonts/amssymb.sty
Package: amssymb 2013/01/14 v3.01 AMS font symbols
(c:/Users/Lal/AppData/Roaming/TinyTeX/texmf-dist/tex/latex/amsfonts/amsfonts.sty
Package: amsfonts 2013/01/14 v3.01 Basic AMSFonts support
\symAMSa=\mathgroup4
\symAMSb=\mathgroup5
LaTeX Font Info:    Redeclaring math symbol \hbar on input line 98.
LaTeX Font Info:    Overwriting math alphabet `\mathfrak' in version `bold'
(Font)                  U/euf/m/n --> U/euf/b/n on input line 106.
)) (c:/Users/Lal/AppData/Roaming/TinyTeX/texmf-dist/tex/latex/base/textcomp.sty
Package: textcomp 2020/02/02 v2.0n Standard LaTeX package
) (c:/Users/Lal/AppData/Roaming/TinyTeX/texmf-dist/tex/latex/tools/longtable.sty
Package: longtable 2021-09-01 v4.17 Multi-page Table package (DPC)
\LTleft=\skip61
\LTright=\skip62
\LTpre=\skip63
\LTpost=\skip64
\LTchunksize=\count279
\LTcapwidth=\dimen161
\LT@head=\box54
\LT@firsthead=\box55
\LT@foot=\box56
\LT@lastfoot=\box57
\LT@gbox=\box58
\LT@cols=\count280
\LT@rows=\count281
\c@LT@tables=\count282
\c@LT@chunks=\count283
\LT@p@ftn=\toks24
) (c:/Users/Lal/AppData/Roaming/TinyTeX/texmf-dist/tex/latex/caption/caption.sty
Package: caption 2020/10/26 v3.5g Customizing captions (AR)
(c:/Users/Lal/AppData/Roaming/TinyTeX/texmf-dist/tex/latex/caption/caption3.sty
Package: caption3 2020/10/21 v2.2e caption3 kernel (AR)
\captionmargin=\dimen162
\captionmargin@=\dimen163
\captionwidth=\dimen164
\caption@tempdima=\dimen165
\caption@indent=\dimen166
\caption@parindent=\dimen167
\caption@hangindent=\dimen168
Package caption Info: Standard document class detected.
)
\c@caption@flags=\count284
\c@continuedfloat=\count285
Package caption Info: longtable package is loaded.
(c:/Users/Lal/AppData/Roaming/TinyTeX/texmf-dist/tex/latex/caption/ltcaption.sty
Package: ltcaption 2020/05/30 v1.4b longtable captions (AR)
)) (c:/Users/Lal/AppData/Roaming/TinyTeX/texmf-dist/tex/latex/tools/multicol.sty
Package: multicol 2021/10/28 v1.9b multicolumn formatting (FMi)
\c@tracingmulticols=\count286
\mult@box=\box59
\multicol@leftmargin=\dimen169
\c@unbalance=\count287
\c@collectmore=\count288
\doublecol@number=\count289
\multicoltolerance=\count290
\multicolpretolerance=\count291
\full@width=\dimen170
\page@free=\dimen171
\premulticols=\dimen172
\postmulticols=\dimen173
\multicolsep=\skip65
\multicolbaselineskip=\skip66
\partial@page=\box60
\last@line=\box61
\maxbalancingoverflow=\dimen174
\mult@rightbox=\box62
\mult@grightbox=\box63
\mult@firstbox=\box64
\mult@gfirstbox=\box65
\@tempa=\box66
\@tempa=\box67
\@tempa=\box68
\@tempa=\box69
\@tempa=\box70
\@tempa=\box71
\@tempa=\box72
\@tempa=\box73
\@tempa=\box74
\@tempa=\box75
\@tempa=\box76
\@tempa=\box77
\@tempa=\box78
\@tempa=\box79
\@tempa=\box80
\@tempa=\box81
\@tempa=\box82
\@tempa=\box83
\@tempa=\box84
\@tempa=\box85
\@tempa=\box86
\@tempa=\box87
\@tempa=\box88
\@tempa=\box89
\@tempa=\box90
\@tempa=\box91
\@tempa=\box92
\@tempa=\box93
\@tempa=\box94
\@tempa=\box95
\@tempa=\box96
\@tempa=\box97
\@tempa=\box98
\@tempa=\box99
\@tempa=\box100
\@tempa=\box101
\c@minrows=\count292
\c@columnbadness=\count293
\c@finalcolumnbadness=\count294
\last@try=\dimen175
\multicolovershoot=\dimen176
\multicolundershoot=\dimen177
\mult@nat@firstbox=\box102
\colbreak@box=\box103
\mc@col@check@num=\count295
) (c:/Users/Lal/AppData/Roaming/TinyTeX/texmf-dist/tex/latex/multirow/multirow.sty
Package: multirow 2021/03/15 v2.8 Span multiple rows of a table
\multirow@colwidth=\skip67
\multirow@cntb=\count296
\multirow@dima=\skip68
\bigstrutjot=\dimen178
) (c:/Users/Lal/AppData/Roaming/TinyTeX/texmf-dist/tex/latex/tools/array.sty
Package: array 2021/10/04 v2.5f Tabular extension package (FMi)
\col@sep=\dimen179
\ar@mcellbox=\box104
\extrarowheight=\dimen180
\NC@list=\toks25
\extratabsurround=\skip69
\backup@length=\skip70
\ar@cellbox=\box105
) (c:/Users/Lal/AppData/Roaming/TinyTeX/texmf-dist/tex/latex/graphics/rotating.sty
Package: rotating 2016/08/11 v2.16d rotated objects in LaTeX
\c@r@tfl@t=\count297
\rotFPtop=\skip71
\rotFPbot=\skip72
\rot@float@box=\box106
\rot@mess@toks=\toks26
) (c:/Users/Lal/AppData/Roaming/TinyTeX/texmf-dist/tex/latex/booktabs/booktabs.sty
Package: booktabs 2020/01/12 v1.61803398 Publication quality tables
\heavyrulewidth=\dimen181
\lightrulewidth=\dimen182
\cmidrulewidth=\dimen183
\belowrulesep=\dimen184
\belowbottomsep=\dimen185
\aboverulesep=\dimen186
\abovetopsep=\dimen187
\cmidrulesep=\dimen188
\cmidrulekern=\dimen189
\defaultaddspace=\dimen190
\@cmidla=\count298
\@cmidlb=\count299
\@aboverulesep=\dimen191
\@belowrulesep=\dimen192
\@thisruleclass=\count300
\@lastruleclass=\count301
\@thisrulewidth=\dimen193
) (c:/Users/Lal/AppData/Roaming/TinyTeX/texmf-dist/tex/latex/pdfpages/pdfpages.sty
Package: pdfpages 2021/03/06 v0.5t Insert pages of external PDF documents (AM)
(c:/Users/Lal/AppData/Roaming/TinyTeX/texmf-dist/tex/latex/tools/calc.sty
Package: calc 2017/05/25 v4.3 Infix arithmetic (KKT,FJ)
\calc@Acount=\count302
\calc@Bcount=\count303
\calc@Adimen=\dimen194
\calc@Bdimen=\dimen195
\calc@Askip=\skip73
\calc@Bskip=\skip74
LaTeX Info: Redefining \setlength on input line 80.
LaTeX Info: Redefining \addtolength on input line 81.
\calc@Ccount=\count304
\calc@Cskip=\skip75
) (c:/Users/Lal/AppData/Roaming/TinyTeX/texmf-dist/tex/latex/eso-pic/eso-pic.sty
Package: eso-pic 2020/10/14 v3.0a eso-pic (RN)
\ESO@tempdima=\dimen196
\ESO@tempdimb=\dimen197
)
\AM@pagewidth=\dimen198
\AM@pageheight=\dimen199
\AM@fboxrule=\dimen256
(c:/Users/Lal/AppData/Roaming/TinyTeX/texmf-dist/tex/latex/pdfpages/pppdftex.def
File: pppdftex.def 2021/03/06 v0.5t Pdfpages driver for pdfTeX (AM)
)
\pdfpages@includegraphics@status=\count305
\AM@pagebox=\box107
\AM@global@opts=\toks27
\AM@pagecnt=\count306
\AM@toc@title=\toks28
\c@AM@survey=\count307
\AM@templatesizebox=\box108
) (c:/Users/Lal/AppData/Roaming/TinyTeX/texmf-dist/tex/latex/l3packages/xfrac/xfrac.sty (c:/Users/Lal/AppData/Roaming/TinyTeX/texmf-dist/tex/latex/l3kernel/expl3.sty
Package: expl3 2022-01-12 L3 programming layer (loader) 
(c:/Users/Lal/AppData/Roaming/TinyTeX/texmf-dist/tex/latex/l3backend/l3backend-pdftex.def
File: l3backend-pdftex.def 2022-01-12 L3 backend support: PDF output (pdfTeX)
\l__color_backend_stack_int=\count308
\l__pdf_internal_box=\box109
)) (c:/Users/Lal/AppData/Roaming/TinyTeX/texmf-dist/tex/latex/l3packages/l3keys2e/l3keys2e.sty
Package: l3keys2e 2022-01-12 LaTeX2e option processing using LaTeX3 keys
) (c:/Users/Lal/AppData/Roaming/TinyTeX/texmf-dist/tex/latex/l3packages/xparse/xparse.sty
Package: xparse 2022-01-12 L3 Experimental document command parser
) (c:/Users/Lal/AppData/Roaming/TinyTeX/texmf-dist/tex/latex/l3packages/xtemplate/xtemplate.sty
Package: xtemplate 2022-01-12 L3 Experimental prototype document functions
\l__xtemplate_tmp_dim=\dimen257
\l__xtemplate_tmp_int=\count309
\l__xtemplate_tmp_muskip=\muskip17
\l__xtemplate_tmp_skip=\skip76
)
Package: xfrac 2022-01-12 L3 Experimental split-level fractions
\l__xfrac_slash_box=\box110
\l__xfrac_tmp_box=\box111
\l__xfrac_denominator_bot_sep_dim=\dimen258
\l__xfrac_numerator_bot_sep_dim=\dimen259
\l__xfrac_numerator_top_sep_dim=\dimen260
\l__xfrac_slash_left_sep_dim=\dimen261
\l__xfrac_slash_right_sep_dim=\dimen262
\l__xfrac_slash_left_muskip=\muskip18
\l__xfrac_slash_right_muskip=\muskip19

Package xtemplate Info: Declaring object type 'xfrac' taking 3 argument(s) on
(xtemplate)             line 80.

) (c:/Users/Lal/AppData/Roaming/TinyTeX/texmf-dist/tex/latex/enumitem/enumitem.sty
Package: enumitem 2019/06/20 v3.9 Customized lists
\labelindent=\skip77
\enit@outerparindent=\dimen263
\enit@toks=\toks29
\enit@inbox=\box112
\enit@count@id=\count310
\enitdp@description=\count311
) (c:/Users/Lal/AppData/Roaming/TinyTeX/texmf-dist/tex/latex/tools/dcolumn.sty
Package: dcolumn 2014/10/28 v1.06 decimal alignment package (DPC)
) (c:/Users/Lal/AppData/Roaming/TinyTeX/texmf-dist/tex/latex/appendix/appendix.sty
Package: appendix 2020/02/08 v1.2c extra appendix facilities
\c@@pps=\count312
\c@@ppsavesec=\count313
\c@@ppsaveapp=\count314
) (c:/Users/Lal/AppData/Roaming/TinyTeX/texmf-dist/tex/latex/notoccite/notoccite.sty
Package: notoccite 2000/07/20
) (c:/Users/Lal/AppData/Roaming/TinyTeX/texmf-dist/tex/latex/minitoc/minitoc.sty
Package: minitoc 2018/07/12 v62 Package minitoc
(c:/Users/Lal/AppData/Roaming/TinyTeX/texmf-dist/tex/latex/minitoc/mtcmess.sty
Package: mtcmess 2006/03/14
)
Package minitoc Info: I0001
(minitoc)             *** minitoc package, version 62 ***.
\tf@mtc=\write3
\mtcindent=\skip78
\mtcskipamount=\skip79
Package minitoc Info: I0005
(minitoc)             compatible with hyperref.
Package minitoc Info: I0023
(minitoc)             part level macros available.
Package minitoc Info: I0003
(minitoc)             chapter level macros available.
\mtc@toks=\toks30
\mtc@strutbox=\box113
\mtc@hstrutbox=\box114
Package minitoc Info: I0002
(minitoc)             Autoconfiguration of extensions.
\openout3 = `01-database.mtc0'.

\openout3 = `01-database.mtc'.

(./01-database.mtc0)
Package minitoc Info: I0012
(minitoc)             Long extensions (Unix-like) will be used.
Package minitoc Info: I0031
(minitoc)             ==> this version is configured for UNIX-like 
(minitoc)                 (long extensions) file names.
\openout3 = `01-database.mtc'.

\openout3 = `01-database.mtc0'.

\c@mtc=\count315
\c@minitocdepth=\count316
\c@ptc=\count317
\c@parttocdepth=\count318
\ptcindent=\skip80
Package minitoc Info: I0010
(minitoc)             The english language is selected.
(minitoc)              on input line 4910.
(c:/Users/Lal/AppData/Roaming/TinyTeX/texmf-dist/tex/latex/minitoc/english.mld
File: english.mld 2006/01/13
) (c:/Users/Lal/AppData/Roaming/TinyTeX/texmf-dist/tex/latex/minitoc/english.mld
File: english.mld 2006/01/13
)) (c:/Users/Lal/AppData/Roaming/TinyTeX/texmf-dist/tex/latex/quotchap/quotchap.sty
Package: quotchap 2020/11/13 v1.3 Decorative Chapter Headings with Quotes
\@quotebox=\box115
) (c:/Users/Lal/AppData/Roaming/TinyTeX/texmf-dist/tex/latex/tocbibind/tocbibind.sty
Package: tocbibind 2010/10/13 v1.5k extra ToC listings
Package tocbibind Info: The document has chapter divisions on input line 50.

Package tocbibind Note: Using chapter style headings, unless overridden.

) (c:/Users/Lal/AppData/Roaming/TinyTeX/texmf-dist/tex/latex/lm/lmodern.sty
Package: lmodern 2015/05/01 v1.6.1 Latin Modern Fonts
LaTeX Font Info:    Overwriting symbol font `operators' in version `normal'
(Font)                  OT1/cmr/m/n --> OT1/lmr/m/n on input line 22.
LaTeX Font Info:    Overwriting symbol font `letters' in version `normal'
(Font)                  OML/cmm/m/it --> OML/lmm/m/it on input line 23.
LaTeX Font Info:    Overwriting symbol font `symbols' in version `normal'
(Font)                  OMS/cmsy/m/n --> OMS/lmsy/m/n on input line 24.
LaTeX Font Info:    Overwriting symbol font `largesymbols' in version `normal'
(Font)                  OMX/cmex/m/n --> OMX/lmex/m/n on input line 25.
LaTeX Font Info:    Overwriting symbol font `operators' in version `bold'
(Font)                  OT1/cmr/bx/n --> OT1/lmr/bx/n on input line 26.
LaTeX Font Info:    Overwriting symbol font `letters' in version `bold'
(Font)                  OML/cmm/b/it --> OML/lmm/b/it on input line 27.
LaTeX Font Info:    Overwriting symbol font `symbols' in version `bold'
(Font)                  OMS/cmsy/b/n --> OMS/lmsy/b/n on input line 28.
LaTeX Font Info:    Overwriting symbol font `largesymbols' in version `bold'
(Font)                  OMX/cmex/m/n --> OMX/lmex/m/n on input line 29.
LaTeX Font Info:    Overwriting math alphabet `\mathbf' in version `normal'
(Font)                  OT1/cmr/bx/n --> OT1/lmr/bx/n on input line 31.
LaTeX Font Info:    Overwriting math alphabet `\mathsf' in version `normal'
(Font)                  OT1/cmss/m/n --> OT1/lmss/m/n on input line 32.
LaTeX Font Info:    Overwriting math alphabet `\mathit' in version `normal'
(Font)                  OT1/cmr/m/it --> OT1/lmr/m/it on input line 33.
LaTeX Font Info:    Overwriting math alphabet `\mathtt' in version `normal'
(Font)                  OT1/cmtt/m/n --> OT1/lmtt/m/n on input line 34.
LaTeX Font Info:    Overwriting math alphabet `\mathbf' in version `bold'
(Font)                  OT1/cmr/bx/n --> OT1/lmr/bx/n on input line 35.
LaTeX Font Info:    Overwriting math alphabet `\mathsf' in version `bold'
(Font)                  OT1/cmss/bx/n --> OT1/lmss/bx/n on input line 36.
LaTeX Font Info:    Overwriting math alphabet `\mathit' in version `bold'
(Font)                  OT1/cmr/bx/it --> OT1/lmr/bx/it on input line 37.
LaTeX Font Info:    Overwriting math alphabet `\mathtt' in version `bold'
(Font)                  OT1/cmtt/m/n --> OT1/lmtt/m/n on input line 38.
) (c:/Users/Lal/AppData/Roaming/TinyTeX/texmf-dist/tex/latex/base/fontenc.sty
Package: fontenc 2021/04/29 v2.0v Standard LaTeX package
(c:/Users/Lal/AppData/Roaming/TinyTeX/texmf-dist/tex/latex/greek-fontenc/lgrenc.def
File: lgrenc.def 2020/10/13 2.0 LGR Greek font encoding definitions
Now handling font encoding LGR ...
... no UTF-8 mapping file for font encoding LGR
(c:/Users/Lal/AppData/Roaming/TinyTeX/texmf-dist/tex/latex/greek-fontenc/greek-fontenc.def
File: greek-fontenc.def 2020/10/30 2.0 Common Greek font encoding definitions
))
LaTeX Font Info:    Trying to load font information for T1+lmr on input line 112.
(c:/Users/Lal/AppData/Roaming/TinyTeX/texmf-dist/tex/latex/lm/t1lmr.fd
File: t1lmr.fd 2015/05/01 v1.6.1 Font defs for Latin Modern
)) (c:/Users/Lal/AppData/Roaming/TinyTeX/texmf-dist/tex/latex/base/inputenc.sty
Package: inputenc 2021/02/14 v1.3d Input encoding file
\inpenc@prehook=\toks31
\inpenc@posthook=\toks32
) (c:/Users/Lal/AppData/Roaming/TinyTeX/texmf-dist/tex/generic/babel/babel.sty
Package: babel 2021/12/30 3.69 The Babel package
\babel@savecnt=\count319
\U@D=\dimen264
\l@unhyphenated=\language10
(c:/Users/Lal/AppData/Roaming/TinyTeX/texmf-dist/tex/generic/babel/txtbabel.def)
\bbl@readstream=\read2
\bbl@dirlevel=\count320
(c:/Users/Lal/AppData/Roaming/TinyTeX/texmf-dist/tex/generic/babel-greek/greek.ldf
Language: greek 2020/11/10 v1.10 Greek support for the babel system
Package babel Info: Hyphen rules for 'ancientgreek' set to \l@english
(babel)             (\language0). Reported on input line 49.
\bbl@monogreek=\count321
\bbl@polygreek=\count322
\bbl@ancientgreek=\count323
LaTeX Info: Redefining \& on input line 125.
) (c:/Users/Lal/AppData/Roaming/TinyTeX/texmf-dist/tex/generic/babel-latin/latin.ldf
Language: latin 2021-06-27 v4.0 Latin support from the babel system
Package babel Info: Making " an active character on input line 135.
) (c:/Users/Lal/AppData/Roaming/TinyTeX/texmf-dist/tex/generic/babel-english/english.ldf
Language: english 2017/06/06 v3.3r English support from the babel system
Package babel Info: Hyphen rules for 'british' set to \l@english
(babel)             (\language0). Reported on input line 82.
Package babel Info: Hyphen rules for 'UKenglish' set to \l@english
(babel)             (\language0). Reported on input line 83.
Package babel Info: Hyphen rules for 'canadian' set to \l@english
(babel)             (\language0). Reported on input line 102.
Package babel Info: Hyphen rules for 'australian' set to \l@english
(babel)             (\language0). Reported on input line 105.
Package babel Info: Hyphen rules for 'newzealand' set to \l@english
(babel)             (\language0). Reported on input line 108.
)) (c:/Users/Lal/AppData/Roaming/TinyTeX/texmf-dist/tex/latex/csquotes/csquotes.sty
Package: csquotes 2021-02-22 v5.2l context-sensitive quotations (JAW)
\csq@reset=\count324
\csq@gtype=\count325
\csq@glevel=\count326
\csq@qlevel=\count327
\csq@maxlvl=\count328
\csq@tshold=\count329
\csq@ltx@everypar=\toks33
(c:/Users/Lal/AppData/Roaming/TinyTeX/texmf-dist/tex/latex/csquotes/csquotes.def
File: csquotes.def 2021-02-22 v5.2l csquotes generic definitions (JAW)
)
Package csquotes Info: Trying to load configuration file 'csquotes.cfg'...
Package csquotes Info: ... configuration file loaded successfully.
(c:/Users/Lal/AppData/Roaming/TinyTeX/texmf-dist/tex/latex/csquotes/csquotes.cfg
File: csquotes.cfg 
))
\mccurrentbaselineskip=\skip81
\mccurrentparskip=\skip82
\mccurrentparindent=\skip83
(c:/Users/Lal/AppData/Roaming/TinyTeX/texmf-dist/tex/latex/framed/framed.sty
Package: framed 2011/10/22 v 0.96: framed or shaded text with page breaks
\OuterFrameSep=\skip84
\fb@frw=\dimen265
\fb@frh=\dimen266
\FrameRule=\dimen267
\FrameSep=\dimen268
) (c:/Users/Lal/AppData/Roaming/TinyTeX/texmf-dist/tex/generic/soul/soul.sty
Package: soul 2003/11/17 v2.4 letterspacing/underlining (mf)
\SOUL@word=\toks34
\SOUL@lasttoken=\toks35
\SOUL@cmds=\toks36
\SOUL@buffer=\toks37
\SOUL@token=\toks38
\SOUL@spaceskip=\skip85
\SOUL@ttwidth=\dimen269
\SOUL@uldp=\dimen270
\SOUL@ulht=\dimen271
)) (c:/Users/Lal/AppData/Roaming/TinyTeX/texmf-dist/tex/latex/hyperref/hyperref.sty
Package: hyperref 2021-06-07 v7.00m Hypertext links for LaTeX
(c:/Users/Lal/AppData/Roaming/TinyTeX/texmf-dist/tex/generic/ltxcmds/ltxcmds.sty
Package: ltxcmds 2020-05-10 v1.25 LaTeX kernel commands for general use (HO)
) (c:/Users/Lal/AppData/Roaming/TinyTeX/texmf-dist/tex/generic/pdftexcmds/pdftexcmds.sty
Package: pdftexcmds 2020-06-27 v0.33 Utility functions of pdfTeX for LuaTeX (HO)
(c:/Users/Lal/AppData/Roaming/TinyTeX/texmf-dist/tex/generic/infwarerr/infwarerr.sty
Package: infwarerr 2019/12/03 v1.5 Providing info/warning/error messages (HO)
)
Package pdftexcmds Info: \pdf@primitive is available.
Package pdftexcmds Info: \pdf@ifprimitive is available.
Package pdftexcmds Info: \pdfdraftmode found.
) (c:/Users/Lal/AppData/Roaming/TinyTeX/texmf-dist/tex/generic/kvsetkeys/kvsetkeys.sty
Package: kvsetkeys 2019/12/15 v1.18 Key value parser (HO)
) (c:/Users/Lal/AppData/Roaming/TinyTeX/texmf-dist/tex/generic/kvdefinekeys/kvdefinekeys.sty
Package: kvdefinekeys 2019-12-19 v1.6 Define keys (HO)
) (c:/Users/Lal/AppData/Roaming/TinyTeX/texmf-dist/tex/generic/pdfescape/pdfescape.sty
Package: pdfescape 2019/12/09 v1.15 Implements pdfTeX's escape features (HO)
) (c:/Users/Lal/AppData/Roaming/TinyTeX/texmf-dist/tex/latex/hycolor/hycolor.sty
Package: hycolor 2020-01-27 v1.10 Color options for hyperref/bookmark (HO)
) (c:/Users/Lal/AppData/Roaming/TinyTeX/texmf-dist/tex/latex/letltxmacro/letltxmacro.sty
Package: letltxmacro 2019/12/03 v1.6 Let assignment for LaTeX macros (HO)
) (c:/Users/Lal/AppData/Roaming/TinyTeX/texmf-dist/tex/latex/auxhook/auxhook.sty
Package: auxhook 2019-12-17 v1.6 Hooks for auxiliary files (HO)
) (c:/Users/Lal/AppData/Roaming/TinyTeX/texmf-dist/tex/latex/kvoptions/kvoptions.sty
Package: kvoptions 2020-10-07 v3.14 Key value format for package options (HO)
)
\@linkdim=\dimen272
\Hy@linkcounter=\count330
\Hy@pagecounter=\count331
(c:/Users/Lal/AppData/Roaming/TinyTeX/texmf-dist/tex/latex/hyperref/pd1enc.def
File: pd1enc.def 2021-06-07 v7.00m Hyperref: PDFDocEncoding definition (HO)
Now handling font encoding PD1 ...
... no UTF-8 mapping file for font encoding PD1
) (c:/Users/Lal/AppData/Roaming/TinyTeX/texmf-dist/tex/latex/hyperref/hyperref-langpatches.def
File: hyperref-langpatches.def 2021-06-07 v7.00m Hyperref: patches for babel languages
) (c:/Users/Lal/AppData/Roaming/TinyTeX/texmf-dist/tex/generic/intcalc/intcalc.sty
Package: intcalc 2019/12/15 v1.3 Expandable calculations with integers (HO)
) (c:/Users/Lal/AppData/Roaming/TinyTeX/texmf-dist/tex/generic/etexcmds/etexcmds.sty
Package: etexcmds 2019/12/15 v1.7 Avoid name clashes with e-TeX commands (HO)
)
\Hy@SavedSpaceFactor=\count332
(c:/Users/Lal/AppData/Roaming/TinyTeX/texmf-dist/tex/latex/hyperref/puenc.def
File: puenc.def 2021-06-07 v7.00m Hyperref: PDF Unicode definition (HO)
Now handling font encoding PU ...
... no UTF-8 mapping file for font encoding PU
(c:/Users/Lal/AppData/Roaming/TinyTeX/texmf-dist/tex/latex/hyperref/puenc-greekbasic.def
File: puenc-greekbasic.def 2021-06-07 v7.00m Hyperref: PDF Unicode definition (greek block) (HO)
))
Package hyperref Info: Option `colorlinks' set `false' on input line 4073.
Package hyperref Info: Option `pdfpagelabels' set `true' on input line 4073.
Package hyperref Info: Hyper figures OFF on input line 4192.
Package hyperref Info: Link nesting OFF on input line 4197.
Package hyperref Info: Hyper index ON on input line 4200.
Package hyperref Info: Plain pages OFF on input line 4207.
Package hyperref Info: Backreferencing OFF on input line 4212.
Package hyperref Info: Implicit mode ON; LaTeX internals redefined.
Package hyperref Info: Bookmarks ON on input line 4445.
\c@Hy@tempcnt=\count333
(c:/Users/Lal/AppData/Roaming/TinyTeX/texmf-dist/tex/latex/url/url.sty
\Urlmuskip=\muskip20
Package: url 2013/09/16  ver 3.4  Verb mode for urls, etc.
)
LaTeX Info: Redefining \url on input line 4804.
\XeTeXLinkMargin=\dimen273
(c:/Users/Lal/AppData/Roaming/TinyTeX/texmf-dist/tex/generic/bitset/bitset.sty
Package: bitset 2019/12/09 v1.3 Handle bit-vector datatype (HO)
(c:/Users/Lal/AppData/Roaming/TinyTeX/texmf-dist/tex/generic/bigintcalc/bigintcalc.sty
Package: bigintcalc 2019/12/15 v1.5 Expandable calculations on big integers (HO)
))
\Fld@menulength=\count334
\Field@Width=\dimen274
\Fld@charsize=\dimen275
Package hyperref Info: Hyper figures OFF on input line 6076.
Package hyperref Info: Link nesting OFF on input line 6081.
Package hyperref Info: Hyper index ON on input line 6084.
Package hyperref Info: backreferencing OFF on input line 6091.
Package hyperref Info: Link coloring OFF on input line 6096.
Package hyperref Info: Link coloring with OCG OFF on input line 6101.
Package hyperref Info: PDF/A mode OFF on input line 6106.
LaTeX Info: Redefining \ref on input line 6146.
LaTeX Info: Redefining \pageref on input line 6150.
(c:/Users/Lal/AppData/Roaming/TinyTeX/texmf-dist/tex/latex/base/atbegshi-ltx.sty
Package: atbegshi-ltx 2021/01/10 v1.0c Emulation of the original atbegshi
package with kernel methods
)
\Hy@abspage=\count335
\c@Item=\count336
\c@Hfootnote=\count337
)
Package hyperref Info: Driver (autodetected): hpdftex.
(c:/Users/Lal/AppData/Roaming/TinyTeX/texmf-dist/tex/latex/hyperref/hpdftex.def
File: hpdftex.def 2021-06-07 v7.00m Hyperref driver for pdfTeX
(c:/Users/Lal/AppData/Roaming/TinyTeX/texmf-dist/tex/latex/base/atveryend-ltx.sty
Package: atveryend-ltx 2020/08/19 v1.0a Emulation of the original atveryend package
with kernel methods
)
\Fld@listcount=\count338
\c@bookmark@seq@number=\count339
(c:/Users/Lal/AppData/Roaming/TinyTeX/texmf-dist/tex/latex/rerunfilecheck/rerunfilecheck.sty
Package: rerunfilecheck 2019/12/05 v1.9 Rerun checks for auxiliary files (HO)
(c:/Users/Lal/AppData/Roaming/TinyTeX/texmf-dist/tex/generic/uniquecounter/uniquecounter.sty
Package: uniquecounter 2019/12/15 v1.4 Provide unlimited unique counter (HO)
)
Package uniquecounter Info: New unique counter `rerunfilecheck' on input line 286.
)
\Hy@SectionHShift=\skip86
) (c:/Users/Lal/AppData/Roaming/TinyTeX/texmf-dist/tex/latex/float/float.sty
Package: float 2001/11/08 v1.3d Float enhancements (AL)
\c@float@type=\count340
\float@exts=\toks39
\float@box=\box116
\@float@everytoks=\toks40
\@floatcapt=\box117
) (c:/Users/Lal/AppData/Roaming/TinyTeX/texmf-dist/tex/latex/titlesec/titlesec.sty
Package: titlesec 2021/07/05 v2.14 Sectioning titles
\ttl@box=\box118
\beforetitleunit=\skip87
\aftertitleunit=\skip88
\ttl@plus=\dimen276
\ttl@minus=\dimen277
\ttl@toksa=\toks41
\titlewidth=\dimen278
\titlewidthlast=\dimen279
\titlewidthfirst=\dimen280
) (c:/Users/Lal/AppData/Roaming/TinyTeX/texmf-dist/tex/latex/fancyvrb/fancyvrb.sty
Package: fancyvrb 2021/12/21 4.1b verbatim text (tvz,hv)
\FV@CodeLineNo=\count341
\FV@InFile=\read3
\FV@TabBox=\box119
\c@FancyVerbLine=\count342
\FV@StepNumber=\count343
\FV@OutFile=\write4
) (c:/Users/Lal/AppData/Roaming/TinyTeX/texmf-dist/tex/generic/ulem/ulem.sty
\UL@box=\box120
\UL@hyphenbox=\box121
\UL@skip=\skip89
\UL@hook=\toks42
\UL@height=\dimen281
\UL@pe=\count344
\UL@pixel=\dimen282
\ULC@box=\box122
Package: ulem 2019/11/18
\ULdepth=\dimen283
) (c:/Users/Lal/AppData/Roaming/TinyTeX/texmf-dist/tex/latex/wrapfig/wrapfig.sty
\wrapoverhang=\dimen284
\WF@size=\dimen285
\c@WF@wrappedlines=\count345
\WF@box=\box123
\WF@everypar=\toks43
Package: wrapfig 2003/01/31  v 3.6
) (c:/Users/Lal/AppData/Roaming/TinyTeX/texmf-dist/tex/latex/colortbl/colortbl.sty
Package: colortbl 2020/01/04 v1.0e Color table columns (DPC)
\everycr=\toks44
\minrowclearance=\skip90
) (c:/Users/Lal/AppData/Roaming/TinyTeX/texmf-dist/tex/latex/pdflscape/pdflscape.sty
Package: pdflscape 2019/12/05 v0.12 Display of landscape pages in PDF (HO)
(c:/Users/Lal/AppData/Roaming/TinyTeX/texmf-dist/tex/latex/graphics/lscape.sty
Package: lscape 2020/05/28 v3.02 Landscape Pages (DPC)
)
Package pdflscape Info: Auto-detected driver: pdftex on input line 81.
) (c:/Users/Lal/AppData/Roaming/TinyTeX/texmf-dist/tex/latex/tabu/tabu.sty
Package: tabu 2019/01/11 v2.9 - flexible LaTeX tabulars (FC+tabu-fixed)
\c@taburow=\count346
\tabu@nbcols=\count347
\tabu@cnt=\count348
\tabu@Xcol=\count349
\tabu@alloc=\count350
\tabu@nested=\count351
\tabu@target=\dimen286
\tabu@spreadtarget=\dimen287
\tabu@naturalX=\dimen288
\tabucolX=\dimen289
\tabu@Xsum=\dimen290
\extrarowdepth=\dimen291
\abovetabulinesep=\dimen292
\belowtabulinesep=\dimen293
\tabustrutrule=\dimen294
\tabu@thebody=\toks45
\tabu@footnotes=\toks46
\tabu@box=\box124
\tabu@arstrutbox=\box125
\tabu@hleads=\box126
\tabu@vleads=\box127
\tabu@cellskip=\skip91
) (c:/Users/Lal/AppData/Roaming/TinyTeX/texmf-dist/tex/latex/threeparttable/threeparttable.sty
Package: threeparttable 2003/06/13  v 3.0
\@tempboxb=\box128
) (c:/Users/Lal/AppData/Roaming/TinyTeX/texmf-dist/tex/latex/threeparttablex/threeparttablex.sty
Package: threeparttablex 2013/07/23 v0.3 by daleif
(c:/Users/Lal/AppData/Roaming/TinyTeX/texmf-dist/tex/latex/environ/environ.sty
Package: environ 2014/05/04 v0.3 A new way to define environments
(c:/Users/Lal/AppData/Roaming/TinyTeX/texmf-dist/tex/latex/trimspaces/trimspaces.sty
Package: trimspaces 2009/09/17 v1.1 Trim spaces around a token list
))
\TPTL@width=\skip92
) (c:/Users/Lal/AppData/Roaming/TinyTeX/texmf-dist/tex/latex/makecell/makecell.sty
Package: makecell 2009/08/03 V0.1e Managing of Tab Column Heads and Cells
\rotheadsize=\dimen295
\c@nlinenum=\count352
\TeXr@lab=\toks47
) (c:/Users/Lal/AppData/Roaming/TinyTeX/texmf-dist/tex/latex/biblatex/biblatex.sty
Package: biblatex 2020/12/31 v3.16 programmable bibliographies (PK/MW)
(c:/Users/Lal/AppData/Roaming/TinyTeX/texmf-dist/tex/latex/logreq/logreq.sty
Package: logreq 2010/08/04 v1.0 xml request logger
\lrq@indent=\count353
(c:/Users/Lal/AppData/Roaming/TinyTeX/texmf-dist/tex/latex/logreq/logreq.def
File: logreq.def 2010/08/04 v1.0 logreq spec v1.0
))
\c@tabx@nest=\count354
\c@listtotal=\count355
\c@listcount=\count356
\c@liststart=\count357
\c@liststop=\count358
\c@citecount=\count359
\c@citetotal=\count360
\c@multicitecount=\count361
\c@multicitetotal=\count362
\c@instcount=\count363
\c@maxnames=\count364
\c@minnames=\count365
\c@maxitems=\count366
\c@minitems=\count367
\c@citecounter=\count368
\c@maxcitecounter=\count369
\c@savedcitecounter=\count370
\c@uniquelist=\count371
\c@uniquename=\count372
\c@refsection=\count373
\c@refsegment=\count374
\c@maxextratitle=\count375
\c@maxextratitleyear=\count376
\c@maxextraname=\count377
\c@maxextradate=\count378
\c@maxextraalpha=\count379
\c@abbrvpenalty=\count380
\c@highnamepenalty=\count381
\c@lownamepenalty=\count382
\c@maxparens=\count383
\c@parenlevel=\count384
\blx@tempcnta=\count385
\blx@tempcntb=\count386
\blx@tempcntc=\count387
\blx@maxsection=\count388
\blx@maxsegment@0=\count389
\blx@notetype=\count390
\blx@parenlevel@text=\count391
\blx@parenlevel@foot=\count392
\blx@sectionciteorder@0=\count393
\blx@entrysetcounter=\count394
\blx@biblioinstance=\count395
\labelnumberwidth=\skip93
\labelalphawidth=\skip94
\biblabelsep=\skip95
\bibitemsep=\skip96
\bibnamesep=\skip97
\bibinitsep=\skip98
\bibparsep=\skip99
\bibhang=\skip100
\blx@bcfin=\read4
\blx@bcfout=\write5
\blx@langwohyphens=\language11
\c@mincomprange=\count396
\c@maxcomprange=\count397
\c@mincompwidth=\count398
Package biblatex Info: Trying to load biblatex default data model...
Package biblatex Info: ... file 'blx-dm.def' found.
(c:/Users/Lal/AppData/Roaming/TinyTeX/texmf-dist/tex/latex/biblatex/blx-dm.def
File: blx-dm.def 2020/12/31 v3.16 biblatex localization (PK/MW)
)
Package biblatex Info: Trying to load biblatex style data model...
Package biblatex Info: ... file 'numeric-comp.dbx' not found.
Package biblatex Info: Trying to load biblatex custom data model...
Package biblatex Info: ... file 'biblatex-dm.cfg' not found.
\c@afterword=\count399
\c@savedafterword=\count400
\c@annotator=\count401
\c@savedannotator=\count402
\c@author=\count403
\c@savedauthor=\count404
\c@bookauthor=\count405
\c@savedbookauthor=\count406
\c@commentator=\count407
\c@savedcommentator=\count408
\c@editor=\count409
\c@savededitor=\count410
\c@editora=\count411
\c@savededitora=\count412
\c@editorb=\count413
\c@savededitorb=\count414
\c@editorc=\count415
\c@savededitorc=\count416
\c@foreword=\count417
\c@savedforeword=\count418
\c@holder=\count419
\c@savedholder=\count420
\c@introduction=\count421
\c@savedintroduction=\count422
\c@namea=\count423
\c@savednamea=\count424
\c@nameb=\count425
\c@savednameb=\count426
\c@namec=\count427
\c@savednamec=\count428
\c@translator=\count429
\c@savedtranslator=\count430
\c@shortauthor=\count431
\c@savedshortauthor=\count432
\c@shorteditor=\count433
\c@savedshorteditor=\count434
\c@labelname=\count435
\c@savedlabelname=\count436
\c@institution=\count437
\c@savedinstitution=\count438
\c@lista=\count439
\c@savedlista=\count440
\c@listb=\count441
\c@savedlistb=\count442
\c@listc=\count443
\c@savedlistc=\count444
\c@listd=\count445
\c@savedlistd=\count446
\c@liste=\count447
\c@savedliste=\count448
\c@listf=\count449
\c@savedlistf=\count450
\c@location=\count451
\c@savedlocation=\count452
\c@organization=\count453
\c@savedorganization=\count454
\c@origlocation=\count455
\c@savedoriglocation=\count456
\c@origpublisher=\count457
\c@savedorigpublisher=\count458
\c@publisher=\count459
\c@savedpublisher=\count460
\c@language=\count461
\c@savedlanguage=\count462
\c@origlanguage=\count463
\c@savedoriglanguage=\count464
\c@pageref=\count465
\c@savedpageref=\count466
\shorthandwidth=\skip101
\shortjournalwidth=\skip102
\shortserieswidth=\skip103
\shorttitlewidth=\skip104
\shortauthorwidth=\skip105
\shorteditorwidth=\skip106
\locallabelnumberwidth=\skip107
\locallabelalphawidth=\skip108
\localshorthandwidth=\skip109
\localshortjournalwidth=\skip110
\localshortserieswidth=\skip111
\localshorttitlewidth=\skip112
\localshortauthorwidth=\skip113
\localshorteditorwidth=\skip114
Package biblatex Info: Trying to load compatibility code...
Package biblatex Info: ... file 'blx-compat.def' found.
(c:/Users/Lal/AppData/Roaming/TinyTeX/texmf-dist/tex/latex/biblatex/blx-compat.def
File: blx-compat.def 2020/12/31 v3.16 biblatex compatibility (PK/MW)
)
Package biblatex Info: Trying to load generic definitions...
Package biblatex Info: ... file 'biblatex.def' found.
(c:/Users/Lal/AppData/Roaming/TinyTeX/texmf-dist/tex/latex/biblatex/biblatex.def
File: biblatex.def 2020/12/31 v3.16 biblatex compatibility (PK/MW)
\c@textcitecount=\count467
\c@textcitetotal=\count468
\c@textcitemaxnames=\count469
\c@biburlbigbreakpenalty=\count470
\c@biburlbreakpenalty=\count471
\c@biburlnumpenalty=\count472
\c@biburlucpenalty=\count473
\c@biburllcpenalty=\count474
\biburlbigskip=\muskip21
\biburlnumskip=\muskip22
\biburlucskip=\muskip23
\biburllcskip=\muskip24
\c@smartand=\count475
)
Package biblatex Info: Trying to load bibliography style 'numeric-comp'...
Package biblatex Info: ... file 'numeric-comp.bbx' found.
(c:/Users/Lal/AppData/Roaming/TinyTeX/texmf-dist/tex/latex/biblatex/bbx/numeric-comp.bbx
File: numeric-comp.bbx 2020/12/31 v3.16 biblatex bibliography style (PK/MW)
Package biblatex Info: Trying to load bibliography style 'numeric'...
Package biblatex Info: ... file 'numeric.bbx' found.
(c:/Users/Lal/AppData/Roaming/TinyTeX/texmf-dist/tex/latex/biblatex/bbx/numeric.bbx
File: numeric.bbx 2020/12/31 v3.16 biblatex bibliography style (PK/MW)
Package biblatex Info: Trying to load bibliography style 'standard'...
Package biblatex Info: ... file 'standard.bbx' found.
(c:/Users/Lal/AppData/Roaming/TinyTeX/texmf-dist/tex/latex/biblatex/bbx/standard.bbx
File: standard.bbx 2020/12/31 v3.16 biblatex bibliography style (PK/MW)
\c@bbx:relatedcount=\count476
\c@bbx:relatedtotal=\count477
)))
Package biblatex Info: Trying to load citation style 'numeric-comp'...
Package biblatex Info: ... file 'numeric-comp.cbx' found.
(c:/Users/Lal/AppData/Roaming/TinyTeX/texmf-dist/tex/latex/biblatex/cbx/numeric-comp.cbx
File: numeric-comp.cbx 2020/12/31 v3.16 biblatex citation style (PK/MW)
\c@cbx@tempcnta=\count478
\c@cbx@tempcntb=\count479
\c@cbx@tempcntc=\count480
\c@cbx@tempcntd=\count481
Package biblatex Info: Redefining '\cite'.
Package biblatex Info: Redefining '\parencite'.
Package biblatex Info: Redefining '\footcite'.
Package biblatex Info: Redefining '\footcitetext'.
Package biblatex Info: Redefining '\smartcite'.
Package biblatex Info: Redefining '\supercite'.
Package biblatex Info: Redefining '\textcite'.
Package biblatex Info: Redefining '\textcites'.
Package biblatex Info: Redefining '\cites'.
Package biblatex Info: Redefining '\parencites'.
Package biblatex Info: Redefining '\smartcites'.
)
Package biblatex Info: Trying to load configuration file...
Package biblatex Info: ... file 'biblatex.cfg' found.
(c:/Users/Lal/AppData/Roaming/TinyTeX/texmf-dist/tex/latex/biblatex/biblatex.cfg
File: biblatex.cfg 
))
Package csquotes Info: Checking for multilingual support...
Package csquotes Info: ... found 'babel' package.
Package csquotes Info: Adjusting default style.
Package csquotes Info: Redefining alias 'default' -> 'english'.
(./01-database.aux)
\openout1 = `01-database.aux'.

LaTeX Font Info:    Checking defaults for OML/cmm/m/it on input line 163.
LaTeX Font Info:    ... okay on input line 163.
LaTeX Font Info:    Checking defaults for OMS/cmsy/m/n on input line 163.
LaTeX Font Info:    ... okay on input line 163.
LaTeX Font Info:    Checking defaults for OT1/cmr/m/n on input line 163.
LaTeX Font Info:    ... okay on input line 163.
LaTeX Font Info:    Checking defaults for T1/cmr/m/n on input line 163.
LaTeX Font Info:    ... okay on input line 163.
LaTeX Font Info:    Checking defaults for TS1/cmr/m/n on input line 163.
LaTeX Font Info:    ... okay on input line 163.
LaTeX Font Info:    Checking defaults for OMX/cmex/m/n on input line 163.
LaTeX Font Info:    ... okay on input line 163.
LaTeX Font Info:    Checking defaults for U/cmr/m/n on input line 163.
LaTeX Font Info:    ... okay on input line 163.
LaTeX Font Info:    Checking defaults for LGR/cmr/m/n on input line 163.
LaTeX Font Info:    Trying to load font information for LGR+cmr on input line 163.
(c:/Users/Lal/AppData/Roaming/TinyTeX/texmf-dist/tex/latex/cbfonts-fd/lgrcmr.fd
File: lgrcmr.fd 2017/07/29 v1.2 Greek European Computer Regular
)
LaTeX Font Info:    ... okay on input line 163.
LaTeX Font Info:    Checking defaults for PD1/pdf/m/n on input line 163.
LaTeX Font Info:    ... okay on input line 163.
LaTeX Font Info:    Checking defaults for PU/pdf/m/n on input line 163.
LaTeX Font Info:    ... okay on input line 163.
*geometry* driver: auto-detecting
*geometry* detected driver: pdftex
*geometry* verbose mode - [ preamble ] result:
* driver: pdftex
* paper: a4paper
* layout: <same size as paper>
* layoutoffset:(h,v)=(0.0pt,0.0pt)
* modes: includehead 
* h-part:(L,W,R)=(88.2037pt, 421.10046pt, 88.2037pt)
* v-part:(T,H,B)=(71.13188pt, 697.09262pt, 76.82234pt)
* \paperwidth=597.50787pt
* \paperheight=845.04684pt
* \textwidth=421.10046pt
* \textheight=662.33034pt
* \oddsidemargin=15.93372pt
* \evensidemargin=15.93372pt
* \topmargin=-1.1381pt
* \headheight=12.0pt
* \headsep=22.76228pt
* \topskip=12.0pt
* \footskip=34.14322pt
* \marginparwidth=44.0pt
* \marginparsep=10.0pt
* \columnsep=10.0pt
* \skip\footins=10.8pt plus 4.0pt minus 2.0pt
* \hoffset=0.0pt
* \voffset=0.0pt
* \mag=1000
* \@twocolumnfalse
* \@twosidefalse
* \@mparswitchfalse
* \@reversemarginfalse
* (1in=72.27pt=25.4mm, 1cm=28.453pt)

(c:/Users/Lal/AppData/Roaming/TinyTeX/texmf-dist/tex/latex/epstopdf-pkg/epstopdf-base.sty
Package: epstopdf-base 2020-01-24 v2.11 Base part for package epstopdf
(c:/Users/Lal/AppData/Roaming/TinyTeX/texmf-dist/tex/latex/grfext/grfext.sty
Package: grfext 2019/12/03 v1.3 Manage graphics extensions (HO)
)
Package epstopdf-base Info: Redefining graphics rule for `.eps' on input line 485.
Package grfext Info: Graphics extension search list:
(grfext)             [.pdf,.png,.jpg,.mps,.jpeg,.jbig2,.jb2,.PDF,.PNG,.JPG,.JPEG,.JBIG2,.JB2,.eps]
(grfext)             \AppendGraphicsExtensions on input line 504.
(c:/Users/Lal/AppData/Roaming/TinyTeX/texmf-dist/tex/latex/latexconfig/epstopdf-sys.cfg
File: epstopdf-sys.cfg 2010/07/13 v1.3 Configuration of (r)epstopdf for TeX Live
))
LaTeX Info: Redefining \microtypecontext on input line 163.
Package microtype Info: Applying patch `item' on input line 163.
Package microtype Info: Applying patch `toc' on input line 163.
Package microtype Info: Applying patch `eqnum' on input line 163.
Package microtype Info: Applying patch `footnote' on input line 163.
Package microtype Info: Generating PDF output.
Package microtype Info: Character protrusion enabled (level 2).
Package microtype Info: Using default protrusion set `alltext'.
Package microtype Info: Automatic font expansion enabled (level 2),
(microtype)             stretch: 20, shrink: 20, step: 1, non-selected.
Package microtype Info: Using default expansion set `alltext-nott'.
LaTeX Info: Redefining \showhyphens on input line 163.
Package microtype Info: No adjustment of tracking.
Package microtype Info: No adjustment of interword spacing.
Package microtype Info: No adjustment of character kerning.
(c:/Users/Lal/AppData/Roaming/TinyTeX/texmf-dist/tex/latex/microtype/mt-cmr.cfg
File: mt-cmr.cfg 2013/05/19 v2.2 microtype config. file: Computer Modern Roman (RS)
)
Package caption Info: Begin \AtBeginDocument code.
Package caption Info: float package is loaded.
Package caption Info: hyperref package is loaded.
Package caption Info: rotating package is loaded.
Package caption Info: threeparttable package is loaded.
Package caption Info: wrapfig package is loaded.
Package caption Info: End \AtBeginDocument code.
(c:/Users/Lal/AppData/Roaming/TinyTeX/texmf-dist/tex/latex/greek-fontenc/puenc-greek.def
File: puenc-greek.def 2020/10/18 2.0 Greek LICRs for PDF strings
(c:/Users/Lal/AppData/Roaming/TinyTeX/texmf-dist/tex/latex/greek-fontenc/greek-fontenc.def
File: greek-fontenc.def 2020/10/30 2.0 Common Greek font encoding definitions
))
Package hyperref Info: Link coloring OFF on input line 163.
(c:/Users/Lal/AppData/Roaming/TinyTeX/texmf-dist/tex/latex/hyperref/nameref.sty
Package: nameref 2021-04-02 v2.47 Cross-referencing by name of section
(c:/Users/Lal/AppData/Roaming/TinyTeX/texmf-dist/tex/latex/refcount/refcount.sty
Package: refcount 2019/12/15 v3.6 Data extraction from label references (HO)
) (c:/Users/Lal/AppData/Roaming/TinyTeX/texmf-dist/tex/generic/gettitlestring/gettitlestring.sty
Package: gettitlestring 2019/12/15 v1.6 Cleanup title references (HO)
)
\c@section@level=\count482
)
LaTeX Info: Redefining \ref on input line 163.
LaTeX Info: Redefining \pageref on input line 163.
LaTeX Info: Redefining \nameref on input line 163.
(./01-database.out) (./01-database.out)
\@outlinefile=\write6
\openout6 = `01-database.out'.

Package biblatex Info: Trying to load language 'english'...
Package biblatex Info: ... file 'english.lbx' found.
(c:/Users/Lal/AppData/Roaming/TinyTeX/texmf-dist/tex/latex/biblatex/lbx/english.lbx
File: english.lbx 2020/12/31 v3.16 biblatex localization (PK/MW)
)
Package biblatex Info: Trying to load language 'latin'...
Package biblatex Info: ... file 'latin.lbx' not found.

Package biblatex Warning: Language 'latin' not supported.
(biblatex)                Using dummy definitions on input line 163.

Package biblatex Info: Trying to load language 'greek'...
Package biblatex Info: ... file 'greek.lbx' found.
(c:/Users/Lal/AppData/Roaming/TinyTeX/texmf-dist/tex/latex/biblatex/lbx/greek.lbx
File: greek.lbx 2020/12/31 v3.16 biblatex localization (PK/MW)
)
Package biblatex Info: Input encoding 'utf8' detected.
Package biblatex Info: Automatic encoding selection.
(biblatex)             Assuming data encoding 'utf8'.
Package biblatex Info: Document encoding is UTF8 ....
Package biblatex Info: ... and expl3
(biblatex)             2022-01-12 L3 programming layer (loader) 
(biblatex)             is new enough (at least 2020/04/06),
(biblatex)             setting 'casechanger=expl3'.
(c:/Users/Lal/AppData/Roaming/TinyTeX/texmf-dist/tex/latex/biblatex/blx-case-expl3.sty
Package: blx-case-expl3 2020/12/31 v3.16 expl3 case changing code for biblatex
)
\openout5 = `01-database.bcf'.

Package biblatex Info: Trying to load bibliographic data...
Package biblatex Info: ... file '01-database.bbl' found.
(./01-database.bbl)
Package biblatex Info: Reference section=0 on input line 163.
Package biblatex Info: Reference segment=0 on input line 163.
Chapter 1.
LaTeX Font Info:    Trying to load font information for T1+put on input line 180.
(c:/Users/Lal/AppData/Roaming/TinyTeX/texmf-dist/tex/latex/psnfss/t1put.fd
File: t1put.fd 2001/06/04 font definitions for T1/put.
)
Package microtype Info: Loading generic protrusion settings for font family
(microtype)             `put' (encoding: T1).
(microtype)             For optimal results, create family-specific settings.
(microtype)             See the microtype manual for details.
LaTeX Font Info:    Trying to load font information for T1+lmtt on input line 187.
(c:/Users/Lal/AppData/Roaming/TinyTeX/texmf-dist/tex/latex/lm/t1lmtt.fd
File: t1lmtt.fd 2015/05/01 v1.6.1 Font defs for Latin Modern
)
Package microtype Info: Loading generic protrusion settings for font family
(microtype)             `lmtt' (encoding: T1).
(microtype)             For optimal results, create family-specific settings.
(microtype)             See the microtype manual for details.

Overfull \hbox (195.16483pt too wide) in paragraph at lines 195--195
[]\T1/lmtt/m/n/12 - How many records are included of main measurement and the spatiotemporal scope of their collection.[] 
 []


Overfull \hbox (3.73973pt too wide) in paragraph at lines 195--195
[]\T1/lmtt/m/n/12 - Primary methods used to collect and process data in source material.[] 
 []

LaTeX Font Info:    Trying to load font information for OT1+lmr on input line 215.
(c:/Users/Lal/AppData/Roaming/TinyTeX/texmf-dist/tex/latex/lm/ot1lmr.fd
File: ot1lmr.fd 2015/05/01 v1.6.1 Font defs for Latin Modern
)
LaTeX Font Info:    Trying to load font information for OML+lmm on input line 215.
(c:/Users/Lal/AppData/Roaming/TinyTeX/texmf-dist/tex/latex/lm/omllmm.fd
File: omllmm.fd 2015/05/01 v1.6.1 Font defs for Latin Modern
)
LaTeX Font Info:    Trying to load font information for OMS+lmsy on input line 215.
(c:/Users/Lal/AppData/Roaming/TinyTeX/texmf-dist/tex/latex/lm/omslmsy.fd
File: omslmsy.fd 2015/05/01 v1.6.1 Font defs for Latin Modern
)
LaTeX Font Info:    Trying to load font information for OMX+lmex on input line 215.
(c:/Users/Lal/AppData/Roaming/TinyTeX/texmf-dist/tex/latex/lm/omxlmex.fd
File: omxlmex.fd 2015/05/01 v1.6.1 Font defs for Latin Modern
)
LaTeX Font Info:    External font `lmex10' loaded for size
(Font)              <12> on input line 215.
LaTeX Font Info:    External font `lmex10' loaded for size
(Font)              <8> on input line 215.
LaTeX Font Info:    External font `lmex10' loaded for size
(Font)              <6> on input line 215.
LaTeX Font Info:    Trying to load font information for U+msa on input line 215.
(c:/Users/Lal/AppData/Roaming/TinyTeX/texmf-dist/tex/latex/amsfonts/umsa.fd
File: umsa.fd 2013/01/14 v3.01 AMS symbols A
) (c:/Users/Lal/AppData/Roaming/TinyTeX/texmf-dist/tex/latex/microtype/mt-msa.cfg
File: mt-msa.cfg 2006/02/04 v1.1 microtype config. file: AMS symbols (a) (RS)
)
LaTeX Font Info:    Trying to load font information for U+msb on input line 215.
(c:/Users/Lal/AppData/Roaming/TinyTeX/texmf-dist/tex/latex/amsfonts/umsb.fd
File: umsb.fd 2013/01/14 v3.01 AMS symbols B
) (c:/Users/Lal/AppData/Roaming/TinyTeX/texmf-dist/tex/latex/microtype/mt-msb.cfg
File: mt-msb.cfg 2005/06/01 v1.0 microtype config. file: AMS symbols (b) (RS)
)
Overfull \hbox (117.9773pt too wide) in paragraph at lines 236--236
[]\T1/lmtt/m/n/12 - Relevance of data. Why data exists. Compare to alternatives to metrics stored in data.[] 
 []

[1


{c:/Users/Lal/AppData/Roaming/TinyTeX/texmf-var/fonts/map/pdftex/updmap/pdftex.map}]
Overfull \hbox (65.48976pt too wide) in paragraph at lines 236--236
[]\T1/lmtt/m/n/12 - Caveats to using the data. Types of data used alongside for analyses/ context.[] 
 []


Overfull \hbox (77.83977pt too wide) in paragraph at lines 236--236
[]\T1/lmtt/m/n/12 - Importance of outliers and other patterns in data to the users/collectors of it.[] 
 []


Overfull \hbox (114.88979pt too wide) in paragraph at lines 236--236
[]\T1/lmtt/m/n/12 - Suggestion for pre-processing needed prior to using the data for various applications.[] 
 []


Overfull \hbox (256.91486pt too wide) in paragraph at lines 253--253
[]\T1/lmtt/m/n/12 - Explain where to find examples of each general method or a review paper describing various methods in detail.[] 
 []


Overfull \hbox (337.1899pt too wide) in paragraph at lines 253--253
[]\T1/lmtt/m/n/12 - Mention of other methods possible to use but not included in the dataset and description of reason why they were excluded.[] 
 []

[2]
Overfull \hbox (213.68983pt too wide) in paragraph at lines 253--253
[]\T1/lmtt/m/n/12 - Describe how methods many be affected by different common scenarios that present in the field and lab.[] 
 []


Overfull \hbox (3.73973pt too wide) in paragraph at lines 253--253
[]\T1/lmtt/m/n/12 - Describe how data was made to fit into a standardised data resource.[] 
 []


Overfull \hbox (168.30357pt too wide) in paragraph at lines 262--262
[]\T1/lmtt/m/n/12 - Record availability over time in a bar graph with a broad categorizing variable used for color[] 
 []


Overfull \hbox (102.5398pt too wide) in paragraph at lines 274--274
[]\T1/lmtt/m/n/12 - Define the lowest level of record and what it describes (include def of identifier)[] 
 []


Overfull \hbox (16.08974pt too wide) in paragraph at lines 274--274
[]\T1/lmtt/m/n/12 - Describe highest level of record and why it collects the lower levels.[] 
 []


Overfull \hbox (158.1148pt too wide) in paragraph at lines 274--274
[]\T1/lmtt/m/n/12 - Any caveats to the above, like why multiple names of a species might be attached to a record.[] 
 []


Overfull \hbox (136.5023pt too wide) in paragraph at lines 284--284
[]\T1/lmtt/m/n/12 - How data was cleaned and prepared in a way that needs to be acknowledged in any analysis.[] 
 []


Overfull \hbox (380.41492pt too wide) in paragraph at lines 284--284
[]\T1/lmtt/m/n/12 - How data quality issues were addressed in the records that were lower quality but still met the minimum standards to be included.[] 
 []


Overfull \hbox (34.61475pt too wide) in paragraph at lines 284--284
[]\T1/lmtt/m/n/12 - Any conversions of preparations that may be confusion to a user at first.[] 
 []

[3]
Overfull \hbox (263.08986pt too wide) in paragraph at lines 297--297
[]\T1/lmtt/m/n/12 - Examples of how this type of data has been used in projects or publications in combination with other sources.[] 
 []

LaTeX Font Info:    Trying to load font information for TS1+lmr on input line 307.
(c:/Users/Lal/AppData/Roaming/TinyTeX/texmf-dist/tex/latex/lm/ts1lmr.fd
File: ts1lmr.fd 2015/05/01 v1.6.1 Font defs for Latin Modern
)
Underfull \hbox (badness 10000) in paragraph at lines 312--314

 []


Underfull \hbox (badness 10000) in paragraph at lines 314--316

 []


Underfull \hbox (badness 10000) in paragraph at lines 316--318

 []


Underfull \hbox (badness 10000) in paragraph at lines 318--320

 []

[4]
Underfull \hbox (badness 10000) in paragraph at lines 328--330

 []


LaTeX Warning: Empty bibliography on input line 370.

Package minitoc Info: I0009
(minitoc)             Listing minitoc auxiliary files. 
(minitoc)             Creating the 01-database.maf file.
\openout3 = `01-database.maf'.

[5] (./01-database.aux)
Package rerunfilecheck Info: File `01-database.out' has not changed.
(rerunfilecheck)             Checksum: 6046ADA51B10C30D29E28A47F3D66FD5;1793.
Package logreq Info: Writing requests to '01-database.run.xml'.
\openout1 = `01-database.run.xml'.

 ) 
Here is how much of TeX's memory you used:
 30536 strings out of 480130
 540965 string characters out of 5890184
 1315177 words of memory out of 5000000
 47749 multiletter control sequences out of 15000+600000
 525870 words of font info for 89 fonts, out of 8000000 for 9000
 59 hyphenation exceptions out of 8191
 70i,10n,77p,1008b,1681s stack positions out of 5000i,500n,10000p,200000b,80000s
{c:/Users/Lal/AppData/Roaming/TinyTeX/texmf-dist/fonts/enc/dvips/lm/lm-ts1.enc}{c:/Users/Lal/AppData/Roaming/TinyTeX/texmf-dist/fonts/enc/dvips/lm/lm-ec.enc}{c:/Users/Lal/AppData/Roaming/TinyTeX/texmf-dist/fonts/enc/dvips/base/8r.enc}<c:/Users/Lal/AppData/Roaming/TinyTeX/texmf-dist/fonts/type1/public/lm/lmbx12.pfb><c:/Users/Lal/AppData/Roaming/TinyTeX/texmf-dist/fonts/type1/public/lm/lmbxi10.pfb><c:/Users/Lal/AppData/Roaming/TinyTeX/texmf-dist/fonts/type1/public/lm/lmr12.pfb><c:/Users/Lal/AppData/Roaming/TinyTeX/texmf-dist/fonts/type1/public/lm/lmr17.pfb><c:/Users/Lal/AppData/Roaming/TinyTeX/texmf-dist/fonts/type1/public/lm/lmri12.pfb><c:/Users/Lal/AppData/Roaming/TinyTeX/texmf-dist/fonts/type1/public/lm/lmtt12.pfb><c:/Users/Lal/AppData/Roaming/TinyTeX/texmf-dist/fonts/type1/adobe/utopia/putb8a.pfb>
Output written on 01-database.pdf (5 pages, 155691 bytes).
PDF statistics:
 128 PDF objects out of 1000 (max. 8388607)
 104 compressed objects within 2 object streams
 27 named destinations out of 1000 (max. 500000)
 28241 words of extra memory for PDF output out of 29859 (max. 10000000)

